CRITICAL - 2022-09-04 16:46:28 --> Undefined property: App\Controllers\Product::$respond
in APPPATH\Controllers\Product.php on line 32.
 1 APPPATH\Controllers\Product.php(32): CodeIgniter\Debug\Exceptions->errorHandler(2, 'Undefined property: App\\Controllers\\Product::$respond', 'APPPATH\\Controllers\\Product.php', 32)
 2 APPPATH\Controllers\Product.php(46): App\Controllers\Product->maxProducto()
 3 SYSTEMPATH\CodeIgniter.php(904): App\Controllers\Product->save()
 4 SYSTEMPATH\CodeIgniter.php(457): CodeIgniter\CodeIgniter->runController(Object(App\Controllers\Product))
 5 SYSTEMPATH\CodeIgniter.php(340): CodeIgniter\CodeIgniter->handleRequest(null, Object(Config\Cache), false)
 6 FCPATH\index.php(67): CodeIgniter\CodeIgniter->run()
CRITICAL - 2022-09-04 16:48:00 --> Undefined property: App\Controllers\Product::$respond
in APPPATH\Controllers\Product.php on line 32.
 1 APPPATH\Controllers\Product.php(32): CodeIgniter\Debug\Exceptions->errorHandler(2, 'Undefined property: App\\Controllers\\Product::$respond', 'APPPATH\\Controllers\\Product.php', 32)
 2 APPPATH\Controllers\Product.php(46): App\Controllers\Product->maxProducto()
 3 SYSTEMPATH\CodeIgniter.php(904): App\Controllers\Product->save()
 4 SYSTEMPATH\CodeIgniter.php(457): CodeIgniter\CodeIgniter->runController(Object(App\Controllers\Product))
 5 SYSTEMPATH\CodeIgniter.php(340): CodeIgniter\CodeIgniter->handleRequest(null, Object(Config\Cache), false)
 6 FCPATH\index.php(67): CodeIgniter\CodeIgniter->run()
CRITICAL - 2022-09-04 16:49:35 --> Object of class CodeIgniter\HTTP\Response could not be converted to string
in SYSTEMPATH\Database\Query.php on line 335.
 1 SYSTEMPATH\Database\Query.php(335): strtr('INSERT INTO `product` (`product_id`, `product_name`, `product_price`) VALUES (:product_id:, :product_name:, :product_price:)', [...])
 2 SYSTEMPATH\Database\Query.php(310): CodeIgniter\Database\Query->matchNamedBinds('INSERT INTO `product` (`product_id`, `product_name`, `product_price`) VALUES (:product_id:, :product_name:, :product_price:)', [...])
 3 SYSTEMPATH\Database\Query.php(159): CodeIgniter\Database\Query->compileBinds()
 4 SYSTEMPATH\Database\BaseConnection.php(620): CodeIgniter\Database\Query->getQuery()
 5 SYSTEMPATH\Database\BaseBuilder.php(1916): CodeIgniter\Database\BaseConnection->query('INSERT INTO `product` (`product_id`, `product_name`, `product_price`) VALUES (:product_id:, :product_name:, :product_price:)', [...], false)
 6 APPPATH\Models\Product_model.php(19): CodeIgniter\Database\BaseBuilder->insert([...])
 7 APPPATH\Controllers\Product.php(50): App\Models\Product_model->saveProduct([...])
 8 SYSTEMPATH\CodeIgniter.php(904): App\Controllers\Product->save()
 9 SYSTEMPATH\CodeIgniter.php(457): CodeIgniter\CodeIgniter->runController(Object(App\Controllers\Product))
10 SYSTEMPATH\CodeIgniter.php(340): CodeIgniter\CodeIgniter->handleRequest(null, Object(Config\Cache), false)
11 FCPATH\index.php(67): CodeIgniter\CodeIgniter->run()
CRITICAL - 2022-09-04 16:53:11 --> Object of class CodeIgniter\HTTP\Response could not be converted to string
in SYSTEMPATH\Database\Query.php on line 335.
 1 SYSTEMPATH\Database\Query.php(335): strtr('INSERT INTO `product` (`product_id`, `product_name`, `product_price`) VALUES (:product_id:, :product_name:, :product_price:)', [...])
 2 SYSTEMPATH\Database\Query.php(310): CodeIgniter\Database\Query->matchNamedBinds('INSERT INTO `product` (`product_id`, `product_name`, `product_price`) VALUES (:product_id:, :product_name:, :product_price:)', [...])
 3 SYSTEMPATH\Database\Query.php(159): CodeIgniter\Database\Query->compileBinds()
 4 SYSTEMPATH\Database\BaseConnection.php(620): CodeIgniter\Database\Query->getQuery()
 5 SYSTEMPATH\Database\BaseBuilder.php(1916): CodeIgniter\Database\BaseConnection->query('INSERT INTO `product` (`product_id`, `product_name`, `product_price`) VALUES (:product_id:, :product_name:, :product_price:)', [...], false)
 6 APPPATH\Models\Product_model.php(19): CodeIgniter\Database\BaseBuilder->insert([...])
 7 APPPATH\Controllers\Product.php(52): App\Models\Product_model->saveProduct([...])
 8 SYSTEMPATH\CodeIgniter.php(904): App\Controllers\Product->save()
 9 SYSTEMPATH\CodeIgniter.php(457): CodeIgniter\CodeIgniter->runController(Object(App\Controllers\Product))
10 SYSTEMPATH\CodeIgniter.php(340): CodeIgniter\CodeIgniter->handleRequest(null, Object(Config\Cache), false)
11 FCPATH\index.php(67): CodeIgniter\CodeIgniter->run()
CRITICAL - 2022-09-04 16:58:22 --> Object of class mysqli could not be converted to string
in SYSTEMPATH\Format\XMLFormatter.php on line 69.
 1 SYSTEMPATH\Format\XMLFormatter.php(46): CodeIgniter\Format\XMLFormatter->arrayToXML([...], Object(SimpleXMLElement))
 2 SYSTEMPATH\HTTP\ResponseTrait.php(320): CodeIgniter\Format\XMLFormatter->format(Object(CodeIgniter\Database\MySQLi\Result))
 3 SYSTEMPATH\HTTP\ResponseTrait.php(278): CodeIgniter\HTTP\Response->formatBody(Object(CodeIgniter\Database\MySQLi\Result), 'xml')
 4 APPPATH\Controllers\Product.php(44): CodeIgniter\HTTP\Response->setXML(Object(CodeIgniter\Database\MySQLi\Result))
 5 SYSTEMPATH\CodeIgniter.php(904): App\Controllers\Product->maxProducto()
 6 SYSTEMPATH\CodeIgniter.php(457): CodeIgniter\CodeIgniter->runController(Object(App\Controllers\Product))
 7 SYSTEMPATH\CodeIgniter.php(340): CodeIgniter\CodeIgniter->handleRequest(null, Object(Config\Cache), false)
 8 FCPATH\index.php(67): CodeIgniter\CodeIgniter->run()
CRITICAL - 2022-09-04 17:04:25 --> Undefined variable $query
in APPPATH\Controllers\Product.php on line 40.
 1 APPPATH\Controllers\Product.php(40): CodeIgniter\Debug\Exceptions->errorHandler(2, 'Undefined variable $query', 'APPPATH\\Controllers\\Product.php', 40)
 2 SYSTEMPATH\CodeIgniter.php(904): App\Controllers\Product->maxProducto()
 3 SYSTEMPATH\CodeIgniter.php(457): CodeIgniter\CodeIgniter->runController(Object(App\Controllers\Product))
 4 SYSTEMPATH\CodeIgniter.php(340): CodeIgniter\CodeIgniter->handleRequest(null, Object(Config\Cache), false)
 5 FCPATH\index.php(67): CodeIgniter\CodeIgniter->run()
CRITICAL - 2022-09-04 17:05:51 --> Object of class CodeIgniter\HTTP\Response could not be converted to string
in SYSTEMPATH\Database\Query.php on line 335.
 1 SYSTEMPATH\Database\Query.php(335): strtr('INSERT INTO `product` (`product_id`, `product_name`, `product_price`) VALUES (:product_id:, :product_name:, :product_price:)', [...])
 2 SYSTEMPATH\Database\Query.php(310): CodeIgniter\Database\Query->matchNamedBinds('INSERT INTO `product` (`product_id`, `product_name`, `product_price`) VALUES (:product_id:, :product_name:, :product_price:)', [...])
 3 SYSTEMPATH\Database\Query.php(159): CodeIgniter\Database\Query->compileBinds()
 4 SYSTEMPATH\Database\BaseConnection.php(620): CodeIgniter\Database\Query->getQuery()
 5 SYSTEMPATH\Database\BaseBuilder.php(1916): CodeIgniter\Database\BaseConnection->query('INSERT INTO `product` (`product_id`, `product_name`, `product_price`) VALUES (:product_id:, :product_name:, :product_price:)', [...], false)
 6 APPPATH\Models\Product_model.php(19): CodeIgniter\Database\BaseBuilder->insert([...])
 7 APPPATH\Controllers\Product.php(51): App\Models\Product_model->saveProduct([...])
 8 SYSTEMPATH\CodeIgniter.php(904): App\Controllers\Product->save()
 9 SYSTEMPATH\CodeIgniter.php(457): CodeIgniter\CodeIgniter->runController(Object(App\Controllers\Product))
10 SYSTEMPATH\CodeIgniter.php(340): CodeIgniter\CodeIgniter->handleRequest(null, Object(Config\Cache), false)
11 FCPATH\index.php(67): CodeIgniter\CodeIgniter->run()
CRITICAL - 2022-09-04 17:07:22 --> Trying to access array offset on value of type null
in APPPATH\Controllers\Product.php on line 31.
 1 APPPATH\Controllers\Product.php(31): CodeIgniter\Debug\Exceptions->errorHandler(2, 'Trying to access array offset on value of type null', 'APPPATH\\Controllers\\Product.php', 31)
 2 APPPATH\Controllers\Product.php(47): App\Controllers\Product->maxProducto()
 3 SYSTEMPATH\CodeIgniter.php(904): App\Controllers\Product->save()
 4 SYSTEMPATH\CodeIgniter.php(457): CodeIgniter\CodeIgniter->runController(Object(App\Controllers\Product))
 5 SYSTEMPATH\CodeIgniter.php(340): CodeIgniter\CodeIgniter->handleRequest(null, Object(Config\Cache), false)
 6 FCPATH\index.php(67): CodeIgniter\CodeIgniter->run()
CRITICAL - 2022-09-04 17:08:25 --> Trying to access array offset on value of type null
in APPPATH\Controllers\Product.php on line 31.
 1 APPPATH\Controllers\Product.php(31): CodeIgniter\Debug\Exceptions->errorHandler(2, 'Trying to access array offset on value of type null', 'APPPATH\\Controllers\\Product.php', 31)
 2 APPPATH\Controllers\Product.php(47): App\Controllers\Product->maxProducto()
 3 SYSTEMPATH\CodeIgniter.php(904): App\Controllers\Product->save()
 4 SYSTEMPATH\CodeIgniter.php(457): CodeIgniter\CodeIgniter->runController(Object(App\Controllers\Product))
 5 SYSTEMPATH\CodeIgniter.php(340): CodeIgniter\CodeIgniter->handleRequest(null, Object(Config\Cache), false)
 6 FCPATH\index.php(67): CodeIgniter\CodeIgniter->run()
CRITICAL - 2022-09-04 17:08:36 --> Trying to access array offset on value of type null
in APPPATH\Controllers\Product.php on line 31.
 1 APPPATH\Controllers\Product.php(31): CodeIgniter\Debug\Exceptions->errorHandler(2, 'Trying to access array offset on value of type null', 'APPPATH\\Controllers\\Product.php', 31)
 2 APPPATH\Controllers\Product.php(47): App\Controllers\Product->maxProducto()
 3 SYSTEMPATH\CodeIgniter.php(904): App\Controllers\Product->save()
 4 SYSTEMPATH\CodeIgniter.php(457): CodeIgniter\CodeIgniter->runController(Object(App\Controllers\Product))
 5 SYSTEMPATH\CodeIgniter.php(340): CodeIgniter\CodeIgniter->handleRequest(null, Object(Config\Cache), false)
 6 FCPATH\index.php(67): CodeIgniter\CodeIgniter->run()
CRITICAL - 2022-09-04 17:25:57 --> Cannot access offset of type string on string
in APPPATH\Controllers\Product.php on line 38.
 1 APPPATH\Controllers\Product.php(54): App\Controllers\Product->maxProducto()
 2 SYSTEMPATH\CodeIgniter.php(904): App\Controllers\Product->save()
 3 SYSTEMPATH\CodeIgniter.php(457): CodeIgniter\CodeIgniter->runController(Object(App\Controllers\Product))
 4 SYSTEMPATH\CodeIgniter.php(340): CodeIgniter\CodeIgniter->handleRequest(null, Object(Config\Cache), false)
 5 FCPATH\index.php(67): CodeIgniter\CodeIgniter->run()
CRITICAL - 2022-09-04 17:26:22 --> Cannot access offset of type string on string
in APPPATH\Controllers\Product.php on line 38.
 1 APPPATH\Controllers\Product.php(54): App\Controllers\Product->maxProducto()
 2 SYSTEMPATH\CodeIgniter.php(904): App\Controllers\Product->save()
 3 SYSTEMPATH\CodeIgniter.php(457): CodeIgniter\CodeIgniter->runController(Object(App\Controllers\Product))
 4 SYSTEMPATH\CodeIgniter.php(340): CodeIgniter\CodeIgniter->handleRequest(null, Object(Config\Cache), false)
 5 FCPATH\index.php(67): CodeIgniter\CodeIgniter->run()
CRITICAL - 2022-09-04 17:27:16 --> Cannot access offset of type string on string
in APPPATH\Controllers\Product.php on line 38.
 1 APPPATH\Controllers\Product.php(54): App\Controllers\Product->maxProducto()
 2 SYSTEMPATH\CodeIgniter.php(904): App\Controllers\Product->save()
 3 SYSTEMPATH\CodeIgniter.php(457): CodeIgniter\CodeIgniter->runController(Object(App\Controllers\Product))
 4 SYSTEMPATH\CodeIgniter.php(340): CodeIgniter\CodeIgniter->handleRequest(null, Object(Config\Cache), false)
 5 FCPATH\index.php(67): CodeIgniter\CodeIgniter->run()
CRITICAL - 2022-09-04 17:27:33 --> Undefined variable $id
in APPPATH\Controllers\Product.php on line 36.
 1 APPPATH\Controllers\Product.php(36): CodeIgniter\Debug\Exceptions->errorHandler(2, 'Undefined variable $id', 'APPPATH\\Controllers\\Product.php', 36)
 2 SYSTEMPATH\CodeIgniter.php(904): App\Controllers\Product->maxProducto()
 3 SYSTEMPATH\CodeIgniter.php(457): CodeIgniter\CodeIgniter->runController(Object(App\Controllers\Product))
 4 SYSTEMPATH\CodeIgniter.php(340): CodeIgniter\CodeIgniter->handleRequest(null, Object(Config\Cache), false)
 5 FCPATH\index.php(67): CodeIgniter\CodeIgniter->run()
CRITICAL - 2022-09-04 17:28:37 --> Undefined array key 0
in APPPATH\Controllers\Product.php on line 49.
 1 APPPATH\Controllers\Product.php(49): CodeIgniter\Debug\Exceptions->errorHandler(2, 'Undefined array key 0', 'APPPATH\\Controllers\\Product.php', 49)
 2 SYSTEMPATH\CodeIgniter.php(904): App\Controllers\Product->maxProducto()
 3 SYSTEMPATH\CodeIgniter.php(457): CodeIgniter\CodeIgniter->runController(Object(App\Controllers\Product))
 4 SYSTEMPATH\CodeIgniter.php(340): CodeIgniter\CodeIgniter->handleRequest(null, Object(Config\Cache), false)
 5 FCPATH\index.php(67): CodeIgniter\CodeIgniter->run()
CRITICAL - 2022-09-04 17:34:10 --> Object of class CodeIgniter\HTTP\Response could not be converted to string
in SYSTEMPATH\Database\Query.php on line 335.
 1 SYSTEMPATH\Database\Query.php(335): strtr('INSERT INTO `product` (`product_id`, `product_name`, `product_price`) VALUES (:product_id:, :product_name:, :product_price:)', [...])
 2 SYSTEMPATH\Database\Query.php(310): CodeIgniter\Database\Query->matchNamedBinds('INSERT INTO `product` (`product_id`, `product_name`, `product_price`) VALUES (:product_id:, :product_name:, :product_price:)', [...])
 3 SYSTEMPATH\Database\Query.php(159): CodeIgniter\Database\Query->compileBinds()
 4 SYSTEMPATH\Database\BaseConnection.php(620): CodeIgniter\Database\Query->getQuery()
 5 SYSTEMPATH\Database\BaseBuilder.php(1916): CodeIgniter\Database\BaseConnection->query('INSERT INTO `product` (`product_id`, `product_name`, `product_price`) VALUES (:product_id:, :product_name:, :product_price:)', [...], false)
 6 APPPATH\Models\Product_model.php(19): CodeIgniter\Database\BaseBuilder->insert([...])
 7 APPPATH\Controllers\Product.php(58): App\Models\Product_model->saveProduct([...])
 8 SYSTEMPATH\CodeIgniter.php(904): App\Controllers\Product->save()
 9 SYSTEMPATH\CodeIgniter.php(457): CodeIgniter\CodeIgniter->runController(Object(App\Controllers\Product))
10 SYSTEMPATH\CodeIgniter.php(340): CodeIgniter\CodeIgniter->handleRequest(null, Object(Config\Cache), false)
11 FCPATH\index.php(67): CodeIgniter\CodeIgniter->run()
CRITICAL - 2022-09-04 17:36:28 --> Trying to access array offset on value of type null
in APPPATH\Controllers\Product.php on line 30.
 1 APPPATH\Controllers\Product.php(30): CodeIgniter\Debug\Exceptions->errorHandler(2, 'Trying to access array offset on value of type null', 'APPPATH\\Controllers\\Product.php', 30)
 2 APPPATH\Controllers\Product.php(46): App\Controllers\Product->maxProducto()
 3 SYSTEMPATH\CodeIgniter.php(904): App\Controllers\Product->save()
 4 SYSTEMPATH\CodeIgniter.php(457): CodeIgniter\CodeIgniter->runController(Object(App\Controllers\Product))
 5 SYSTEMPATH\CodeIgniter.php(340): CodeIgniter\CodeIgniter->handleRequest(null, Object(Config\Cache), false)
 6 FCPATH\index.php(67): CodeIgniter\CodeIgniter->run()
ERROR - 2022-09-04 21:58:46 --> Error connecting to the database: Error: Call to undefined function CodeIgniter\Database\SQLSRV\sqlsrv_configure() in C:\xampp_v8\htdocs\crud_ci4\vendor\codeigniter4\framework\system\Database\SQLSRV\Connection.php:127
Stack trace:
#0 C:\xampp_v8\htdocs\crud_ci4\vendor\codeigniter4\framework\system\Database\BaseConnection.php(382): CodeIgniter\Database\SQLSRV\Connection->connect(false)
#1 C:\xampp_v8\htdocs\crud_ci4\vendor\codeigniter4\framework\system\Database\BaseConnection.php(588): CodeIgniter\Database\BaseConnection->initialize()
#2 C:\xampp_v8\htdocs\crud_ci4\vendor\codeigniter4\framework\system\Database\SQLSRV\Builder.php(627): CodeIgniter\Database\BaseConnection->query('SELECT *\nFROM "...', Array, false)
#3 C:\xampp_v8\htdocs\crud_ci4\vendor\codeigniter4\framework\system\Model.php(223): CodeIgniter\Database\SQLSRV\Builder->get()
#4 C:\xampp_v8\htdocs\crud_ci4\vendor\codeigniter4\framework\system\BaseModel.php(584): CodeIgniter\Model->doFindAll(0, 0)
#5 C:\xampp_v8\htdocs\crud_ci4\app\Models\Product_model.php(11): CodeIgniter\BaseModel->findAll()
#6 C:\xampp_v8\htdocs\crud_ci4\app\Controllers\Product.php(15): App\Models\Product_model->getProduct()
#7 C:\xampp_v8\htdocs\crud_ci4\vendor\codeigniter4\framework\system\CodeIgniter.php(904): App\Controllers\Product->index()
#8 C:\xampp_v8\htdocs\crud_ci4\vendor\codeigniter4\framework\system\CodeIgniter.php(457): CodeIgniter\CodeIgniter->runController(Object(App\Controllers\Product))
#9 C:\xampp_v8\htdocs\crud_ci4\vendor\codeigniter4\framework\system\CodeIgniter.php(340): CodeIgniter\CodeIgniter->handleRequest(NULL, Object(Config\Cache), false)
#10 C:\xampp_v8\htdocs\crud_ci4\index.php(67): CodeIgniter\CodeIgniter->run()
#11 {main}
CRITICAL - 2022-09-04 21:58:46 --> Unable to connect to the database.
Main connection [sqlsrv]: Call to undefined function CodeIgniter\Database\SQLSRV\sqlsrv_configure()
in SYSTEMPATH\Database\BaseConnection.php on line 418.
 1 SYSTEMPATH\Database\BaseConnection.php(588): CodeIgniter\Database\BaseConnection->initialize()
 2 SYSTEMPATH\Database\SQLSRV\Builder.php(627): CodeIgniter\Database\BaseConnection->query('SELECT *
FROM "pos_db"."dbo"."product"', [], false)
 3 SYSTEMPATH\Model.php(223): CodeIgniter\Database\SQLSRV\Builder->get()
 4 SYSTEMPATH\BaseModel.php(584): CodeIgniter\Model->doFindAll(0, 0)
 5 APPPATH\Models\Product_model.php(11): CodeIgniter\BaseModel->findAll()
 6 APPPATH\Controllers\Product.php(15): App\Models\Product_model->getProduct()
 7 SYSTEMPATH\CodeIgniter.php(904): App\Controllers\Product->index()
 8 SYSTEMPATH\CodeIgniter.php(457): CodeIgniter\CodeIgniter->runController(Object(App\Controllers\Product))
 9 SYSTEMPATH\CodeIgniter.php(340): CodeIgniter\CodeIgniter->handleRequest(null, Object(Config\Cache), false)
10 FCPATH\index.php(67): CodeIgniter\CodeIgniter->run()
ERROR - 2022-09-04 21:58:59 --> Error connecting to the database: Error: Call to undefined function CodeIgniter\Database\SQLSRV\sqlsrv_configure() in C:\xampp_v8\htdocs\crud_ci4\vendor\codeigniter4\framework\system\Database\SQLSRV\Connection.php:127
Stack trace:
#0 C:\xampp_v8\htdocs\crud_ci4\vendor\codeigniter4\framework\system\Database\BaseConnection.php(382): CodeIgniter\Database\SQLSRV\Connection->connect(false)
#1 C:\xampp_v8\htdocs\crud_ci4\vendor\codeigniter4\framework\system\Database\BaseConnection.php(588): CodeIgniter\Database\BaseConnection->initialize()
#2 C:\xampp_v8\htdocs\crud_ci4\vendor\codeigniter4\framework\system\Database\SQLSRV\Builder.php(627): CodeIgniter\Database\BaseConnection->query('SELECT *\nFROM "...', Array, false)
#3 C:\xampp_v8\htdocs\crud_ci4\vendor\codeigniter4\framework\system\Model.php(223): CodeIgniter\Database\SQLSRV\Builder->get()
#4 C:\xampp_v8\htdocs\crud_ci4\vendor\codeigniter4\framework\system\BaseModel.php(584): CodeIgniter\Model->doFindAll(0, 0)
#5 C:\xampp_v8\htdocs\crud_ci4\app\Models\Product_model.php(11): CodeIgniter\BaseModel->findAll()
#6 C:\xampp_v8\htdocs\crud_ci4\app\Controllers\Product.php(15): App\Models\Product_model->getProduct()
#7 C:\xampp_v8\htdocs\crud_ci4\vendor\codeigniter4\framework\system\CodeIgniter.php(904): App\Controllers\Product->index()
#8 C:\xampp_v8\htdocs\crud_ci4\vendor\codeigniter4\framework\system\CodeIgniter.php(457): CodeIgniter\CodeIgniter->runController(Object(App\Controllers\Product))
#9 C:\xampp_v8\htdocs\crud_ci4\vendor\codeigniter4\framework\system\CodeIgniter.php(340): CodeIgniter\CodeIgniter->handleRequest(NULL, Object(Config\Cache), false)
#10 C:\xampp_v8\htdocs\crud_ci4\index.php(67): CodeIgniter\CodeIgniter->run()
#11 {main}
CRITICAL - 2022-09-04 21:58:59 --> Unable to connect to the database.
Main connection [sqlsrv]: Call to undefined function CodeIgniter\Database\SQLSRV\sqlsrv_configure()
in SYSTEMPATH\Database\BaseConnection.php on line 418.
 1 SYSTEMPATH\Database\BaseConnection.php(588): CodeIgniter\Database\BaseConnection->initialize()
 2 SYSTEMPATH\Database\SQLSRV\Builder.php(627): CodeIgniter\Database\BaseConnection->query('SELECT *
FROM "pos_db"."dbo"."product"', [], false)
 3 SYSTEMPATH\Model.php(223): CodeIgniter\Database\SQLSRV\Builder->get()
 4 SYSTEMPATH\BaseModel.php(584): CodeIgniter\Model->doFindAll(0, 0)
 5 APPPATH\Models\Product_model.php(11): CodeIgniter\BaseModel->findAll()
 6 APPPATH\Controllers\Product.php(15): App\Models\Product_model->getProduct()
 7 SYSTEMPATH\CodeIgniter.php(904): App\Controllers\Product->index()
 8 SYSTEMPATH\CodeIgniter.php(457): CodeIgniter\CodeIgniter->runController(Object(App\Controllers\Product))
 9 SYSTEMPATH\CodeIgniter.php(340): CodeIgniter\CodeIgniter->handleRequest(null, Object(Config\Cache), false)
10 FCPATH\index.php(67): CodeIgniter\CodeIgniter->run()
ERROR - 2022-09-04 21:59:30 --> Error connecting to the database: Error: Call to undefined function CodeIgniter\Database\SQLSRV\sqlsrv_configure() in C:\xampp_v8\htdocs\crud_ci4\vendor\codeigniter4\framework\system\Database\SQLSRV\Connection.php:127
Stack trace:
#0 C:\xampp_v8\htdocs\crud_ci4\vendor\codeigniter4\framework\system\Database\BaseConnection.php(382): CodeIgniter\Database\SQLSRV\Connection->connect(true)
#1 C:\xampp_v8\htdocs\crud_ci4\vendor\codeigniter4\framework\system\Database\BaseConnection.php(588): CodeIgniter\Database\BaseConnection->initialize()
#2 C:\xampp_v8\htdocs\crud_ci4\vendor\codeigniter4\framework\system\Database\SQLSRV\Builder.php(627): CodeIgniter\Database\BaseConnection->query('SELECT *\nFROM "...', Array, false)
#3 C:\xampp_v8\htdocs\crud_ci4\vendor\codeigniter4\framework\system\Model.php(223): CodeIgniter\Database\SQLSRV\Builder->get()
#4 C:\xampp_v8\htdocs\crud_ci4\vendor\codeigniter4\framework\system\BaseModel.php(584): CodeIgniter\Model->doFindAll(0, 0)
#5 C:\xampp_v8\htdocs\crud_ci4\app\Models\Product_model.php(11): CodeIgniter\BaseModel->findAll()
#6 C:\xampp_v8\htdocs\crud_ci4\app\Controllers\Product.php(15): App\Models\Product_model->getProduct()
#7 C:\xampp_v8\htdocs\crud_ci4\vendor\codeigniter4\framework\system\CodeIgniter.php(904): App\Controllers\Product->index()
#8 C:\xampp_v8\htdocs\crud_ci4\vendor\codeigniter4\framework\system\CodeIgniter.php(457): CodeIgniter\CodeIgniter->runController(Object(App\Controllers\Product))
#9 C:\xampp_v8\htdocs\crud_ci4\vendor\codeigniter4\framework\system\CodeIgniter.php(340): CodeIgniter\CodeIgniter->handleRequest(NULL, Object(Config\Cache), false)
#10 C:\xampp_v8\htdocs\crud_ci4\index.php(67): CodeIgniter\CodeIgniter->run()
#11 {main}
CRITICAL - 2022-09-04 21:59:30 --> Unable to connect to the database.
Main connection [sqlsrv]: Call to undefined function CodeIgniter\Database\SQLSRV\sqlsrv_configure()
in SYSTEMPATH\Database\BaseConnection.php on line 418.
 1 SYSTEMPATH\Database\BaseConnection.php(588): CodeIgniter\Database\BaseConnection->initialize()
 2 SYSTEMPATH\Database\SQLSRV\Builder.php(627): CodeIgniter\Database\BaseConnection->query('SELECT *
FROM "pos_db"."dbo"."product"', [], false)
 3 SYSTEMPATH\Model.php(223): CodeIgniter\Database\SQLSRV\Builder->get()
 4 SYSTEMPATH\BaseModel.php(584): CodeIgniter\Model->doFindAll(0, 0)
 5 APPPATH\Models\Product_model.php(11): CodeIgniter\BaseModel->findAll()
 6 APPPATH\Controllers\Product.php(15): App\Models\Product_model->getProduct()
 7 SYSTEMPATH\CodeIgniter.php(904): App\Controllers\Product->index()
 8 SYSTEMPATH\CodeIgniter.php(457): CodeIgniter\CodeIgniter->runController(Object(App\Controllers\Product))
 9 SYSTEMPATH\CodeIgniter.php(340): CodeIgniter\CodeIgniter->handleRequest(null, Object(Config\Cache), false)
10 FCPATH\index.php(67): CodeIgniter\CodeIgniter->run()
ERROR - 2022-09-04 21:59:55 --> Error connecting to the database: Error: Call to undefined function CodeIgniter\Database\SQLSRV\sqlsrv_configure() in C:\xampp_v8\htdocs\crud_ci4\vendor\codeigniter4\framework\system\Database\SQLSRV\Connection.php:127
Stack trace:
#0 C:\xampp_v8\htdocs\crud_ci4\vendor\codeigniter4\framework\system\Database\BaseConnection.php(382): CodeIgniter\Database\SQLSRV\Connection->connect(true)
#1 C:\xampp_v8\htdocs\crud_ci4\vendor\codeigniter4\framework\system\Database\BaseConnection.php(588): CodeIgniter\Database\BaseConnection->initialize()
#2 C:\xampp_v8\htdocs\crud_ci4\vendor\codeigniter4\framework\system\Database\SQLSRV\Builder.php(627): CodeIgniter\Database\BaseConnection->query('SELECT *\nFROM "...', Array, false)
#3 C:\xampp_v8\htdocs\crud_ci4\vendor\codeigniter4\framework\system\Model.php(223): CodeIgniter\Database\SQLSRV\Builder->get()
#4 C:\xampp_v8\htdocs\crud_ci4\vendor\codeigniter4\framework\system\BaseModel.php(584): CodeIgniter\Model->doFindAll(0, 0)
#5 C:\xampp_v8\htdocs\crud_ci4\app\Models\Product_model.php(11): CodeIgniter\BaseModel->findAll()
#6 C:\xampp_v8\htdocs\crud_ci4\app\Controllers\Product.php(15): App\Models\Product_model->getProduct()
#7 C:\xampp_v8\htdocs\crud_ci4\vendor\codeigniter4\framework\system\CodeIgniter.php(904): App\Controllers\Product->index()
#8 C:\xampp_v8\htdocs\crud_ci4\vendor\codeigniter4\framework\system\CodeIgniter.php(457): CodeIgniter\CodeIgniter->runController(Object(App\Controllers\Product))
#9 C:\xampp_v8\htdocs\crud_ci4\vendor\codeigniter4\framework\system\CodeIgniter.php(340): CodeIgniter\CodeIgniter->handleRequest(NULL, Object(Config\Cache), false)
#10 C:\xampp_v8\htdocs\crud_ci4\index.php(67): CodeIgniter\CodeIgniter->run()
#11 {main}
CRITICAL - 2022-09-04 21:59:55 --> Unable to connect to the database.
Main connection [sqlsrv]: Call to undefined function CodeIgniter\Database\SQLSRV\sqlsrv_configure()
in SYSTEMPATH\Database\BaseConnection.php on line 418.
 1 SYSTEMPATH\Database\BaseConnection.php(588): CodeIgniter\Database\BaseConnection->initialize()
 2 SYSTEMPATH\Database\SQLSRV\Builder.php(627): CodeIgniter\Database\BaseConnection->query('SELECT *
FROM "pos_db"."dbo"."product"', [], false)
 3 SYSTEMPATH\Model.php(223): CodeIgniter\Database\SQLSRV\Builder->get()
 4 SYSTEMPATH\BaseModel.php(584): CodeIgniter\Model->doFindAll(0, 0)
 5 APPPATH\Models\Product_model.php(11): CodeIgniter\BaseModel->findAll()
 6 APPPATH\Controllers\Product.php(15): App\Models\Product_model->getProduct()
 7 SYSTEMPATH\CodeIgniter.php(904): App\Controllers\Product->index()
 8 SYSTEMPATH\CodeIgniter.php(457): CodeIgniter\CodeIgniter->runController(Object(App\Controllers\Product))
 9 SYSTEMPATH\CodeIgniter.php(340): CodeIgniter\CodeIgniter->handleRequest(null, Object(Config\Cache), false)
10 FCPATH\index.php(67): CodeIgniter\CodeIgniter->run()
ERROR - 2022-09-04 21:59:58 --> Error connecting to the database: Error: Call to undefined function CodeIgniter\Database\SQLSRV\sqlsrv_configure() in C:\xampp_v8\htdocs\crud_ci4\vendor\codeigniter4\framework\system\Database\SQLSRV\Connection.php:127
Stack trace:
#0 C:\xampp_v8\htdocs\crud_ci4\vendor\codeigniter4\framework\system\Database\BaseConnection.php(382): CodeIgniter\Database\SQLSRV\Connection->connect(true)
#1 C:\xampp_v8\htdocs\crud_ci4\vendor\codeigniter4\framework\system\Database\BaseConnection.php(588): CodeIgniter\Database\BaseConnection->initialize()
#2 C:\xampp_v8\htdocs\crud_ci4\vendor\codeigniter4\framework\system\Database\SQLSRV\Builder.php(627): CodeIgniter\Database\BaseConnection->query('SELECT *\nFROM "...', Array, false)
#3 C:\xampp_v8\htdocs\crud_ci4\vendor\codeigniter4\framework\system\Model.php(223): CodeIgniter\Database\SQLSRV\Builder->get()
#4 C:\xampp_v8\htdocs\crud_ci4\vendor\codeigniter4\framework\system\BaseModel.php(584): CodeIgniter\Model->doFindAll(0, 0)
#5 C:\xampp_v8\htdocs\crud_ci4\app\Models\Product_model.php(11): CodeIgniter\BaseModel->findAll()
#6 C:\xampp_v8\htdocs\crud_ci4\app\Controllers\Product.php(15): App\Models\Product_model->getProduct()
#7 C:\xampp_v8\htdocs\crud_ci4\vendor\codeigniter4\framework\system\CodeIgniter.php(904): App\Controllers\Product->index()
#8 C:\xampp_v8\htdocs\crud_ci4\vendor\codeigniter4\framework\system\CodeIgniter.php(457): CodeIgniter\CodeIgniter->runController(Object(App\Controllers\Product))
#9 C:\xampp_v8\htdocs\crud_ci4\vendor\codeigniter4\framework\system\CodeIgniter.php(340): CodeIgniter\CodeIgniter->handleRequest(NULL, Object(Config\Cache), false)
#10 C:\xampp_v8\htdocs\crud_ci4\index.php(67): CodeIgniter\CodeIgniter->run()
#11 {main}
CRITICAL - 2022-09-04 21:59:58 --> Unable to connect to the database.
Main connection [sqlsrv]: Call to undefined function CodeIgniter\Database\SQLSRV\sqlsrv_configure()
in SYSTEMPATH\Database\BaseConnection.php on line 418.
 1 SYSTEMPATH\Database\BaseConnection.php(588): CodeIgniter\Database\BaseConnection->initialize()
 2 SYSTEMPATH\Database\SQLSRV\Builder.php(627): CodeIgniter\Database\BaseConnection->query('SELECT *
FROM "pos_db"."dbo"."product"', [], false)
 3 SYSTEMPATH\Model.php(223): CodeIgniter\Database\SQLSRV\Builder->get()
 4 SYSTEMPATH\BaseModel.php(584): CodeIgniter\Model->doFindAll(0, 0)
 5 APPPATH\Models\Product_model.php(11): CodeIgniter\BaseModel->findAll()
 6 APPPATH\Controllers\Product.php(15): App\Models\Product_model->getProduct()
 7 SYSTEMPATH\CodeIgniter.php(904): App\Controllers\Product->index()
 8 SYSTEMPATH\CodeIgniter.php(457): CodeIgniter\CodeIgniter->runController(Object(App\Controllers\Product))
 9 SYSTEMPATH\CodeIgniter.php(340): CodeIgniter\CodeIgniter->handleRequest(null, Object(Config\Cache), false)
10 FCPATH\index.php(67): CodeIgniter\CodeIgniter->run()
CRITICAL - 2022-09-04 22:01:58 --> Class "CodeIgniter\Database\mssql\Connection" not found
in SYSTEMPATH\Database\Database.php on line 136.
 1 SYSTEMPATH\Database\Database.php(56): CodeIgniter\Database\Database->initDriver('mssql', 'CodeIgniter\\Database\\mssql\\Connection', [...])
 2 SYSTEMPATH\Database\Config.php(78): CodeIgniter\Database\Database->load([...], 'sql')
 3 SYSTEMPATH\Model.php(137): CodeIgniter\Database\Config::connect('sql')
 4 SYSTEMPATH\Config\Factories.php(126): CodeIgniter\Model->__construct(null)
 5 SYSTEMPATH\Config\Factories.php(83): CodeIgniter\Config\Factories::__callStatic('models', [...])
 6 SYSTEMPATH\Common.php(817): CodeIgniter\Config\Factories::models('App\\Models\\Product_model', [...], null)
 7 SYSTEMPATH\RESTful\BaseResource.php(54): model('App\\Models\\Product_model')
 8 SYSTEMPATH\RESTful\BaseResource.php(37): CodeIgniter\RESTful\BaseResource->setModel('App\\Models\\Product_model')
 9 SYSTEMPATH\CodeIgniter.php(867): CodeIgniter\RESTful\BaseResource->initController(Object(CodeIgniter\HTTP\IncomingRequest), Object(CodeIgniter\HTTP\Response), Object(CodeIgniter\Log\Logger))
10 SYSTEMPATH\CodeIgniter.php(448): CodeIgniter\CodeIgniter->createController()
11 SYSTEMPATH\CodeIgniter.php(340): CodeIgniter\CodeIgniter->handleRequest(null, Object(Config\Cache), false)
12 FCPATH\index.php(67): CodeIgniter\CodeIgniter->run()
CRITICAL - 2022-09-04 22:02:49 --> Class "CodeIgniter\Database\mssql\Connection" not found
in SYSTEMPATH\Database\Database.php on line 136.
 1 SYSTEMPATH\Database\Database.php(56): CodeIgniter\Database\Database->initDriver('mssql', 'CodeIgniter\\Database\\mssql\\Connection', [...])
 2 SYSTEMPATH\Database\Config.php(78): CodeIgniter\Database\Database->load([...], 'sql')
 3 SYSTEMPATH\Model.php(137): CodeIgniter\Database\Config::connect('sql')
 4 SYSTEMPATH\Config\Factories.php(126): CodeIgniter\Model->__construct(null)
 5 SYSTEMPATH\Config\Factories.php(83): CodeIgniter\Config\Factories::__callStatic('models', [...])
 6 SYSTEMPATH\Common.php(817): CodeIgniter\Config\Factories::models('App\\Models\\Product_model', [...], null)
 7 SYSTEMPATH\RESTful\BaseResource.php(54): model('App\\Models\\Product_model')
 8 SYSTEMPATH\RESTful\BaseResource.php(37): CodeIgniter\RESTful\BaseResource->setModel('App\\Models\\Product_model')
 9 SYSTEMPATH\CodeIgniter.php(867): CodeIgniter\RESTful\BaseResource->initController(Object(CodeIgniter\HTTP\IncomingRequest), Object(CodeIgniter\HTTP\Response), Object(CodeIgniter\Log\Logger))
10 SYSTEMPATH\CodeIgniter.php(448): CodeIgniter\CodeIgniter->createController()
11 SYSTEMPATH\CodeIgniter.php(340): CodeIgniter\CodeIgniter->handleRequest(null, Object(Config\Cache), false)
12 FCPATH\index.php(67): CodeIgniter\CodeIgniter->run()
ERROR - 2022-09-04 22:03:11 --> Error connecting to the database: Error: Call to undefined function CodeIgniter\Database\SQLSRV\sqlsrv_configure() in C:\xampp_v8\htdocs\crud_ci4\vendor\codeigniter4\framework\system\Database\SQLSRV\Connection.php:127
Stack trace:
#0 C:\xampp_v8\htdocs\crud_ci4\vendor\codeigniter4\framework\system\Database\BaseConnection.php(382): CodeIgniter\Database\SQLSRV\Connection->connect(true)
#1 C:\xampp_v8\htdocs\crud_ci4\vendor\codeigniter4\framework\system\Database\BaseConnection.php(588): CodeIgniter\Database\BaseConnection->initialize()
#2 C:\xampp_v8\htdocs\crud_ci4\vendor\codeigniter4\framework\system\Database\SQLSRV\Builder.php(627): CodeIgniter\Database\BaseConnection->query('SELECT *\nFROM "...', Array, false)
#3 C:\xampp_v8\htdocs\crud_ci4\vendor\codeigniter4\framework\system\Model.php(223): CodeIgniter\Database\SQLSRV\Builder->get()
#4 C:\xampp_v8\htdocs\crud_ci4\vendor\codeigniter4\framework\system\BaseModel.php(584): CodeIgniter\Model->doFindAll(0, 0)
#5 C:\xampp_v8\htdocs\crud_ci4\app\Models\Product_model.php(11): CodeIgniter\BaseModel->findAll()
#6 C:\xampp_v8\htdocs\crud_ci4\app\Controllers\Product.php(15): App\Models\Product_model->getProduct()
#7 C:\xampp_v8\htdocs\crud_ci4\vendor\codeigniter4\framework\system\CodeIgniter.php(904): App\Controllers\Product->index()
#8 C:\xampp_v8\htdocs\crud_ci4\vendor\codeigniter4\framework\system\CodeIgniter.php(457): CodeIgniter\CodeIgniter->runController(Object(App\Controllers\Product))
#9 C:\xampp_v8\htdocs\crud_ci4\vendor\codeigniter4\framework\system\CodeIgniter.php(340): CodeIgniter\CodeIgniter->handleRequest(NULL, Object(Config\Cache), false)
#10 C:\xampp_v8\htdocs\crud_ci4\index.php(67): CodeIgniter\CodeIgniter->run()
#11 {main}
CRITICAL - 2022-09-04 22:03:11 --> Unable to connect to the database.
Main connection [sqlsrv]: Call to undefined function CodeIgniter\Database\SQLSRV\sqlsrv_configure()
in SYSTEMPATH\Database\BaseConnection.php on line 418.
 1 SYSTEMPATH\Database\BaseConnection.php(588): CodeIgniter\Database\BaseConnection->initialize()
 2 SYSTEMPATH\Database\SQLSRV\Builder.php(627): CodeIgniter\Database\BaseConnection->query('SELECT *
FROM "pos_db"."dbo"."product"', [], false)
 3 SYSTEMPATH\Model.php(223): CodeIgniter\Database\SQLSRV\Builder->get()
 4 SYSTEMPATH\BaseModel.php(584): CodeIgniter\Model->doFindAll(0, 0)
 5 APPPATH\Models\Product_model.php(11): CodeIgniter\BaseModel->findAll()
 6 APPPATH\Controllers\Product.php(15): App\Models\Product_model->getProduct()
 7 SYSTEMPATH\CodeIgniter.php(904): App\Controllers\Product->index()
 8 SYSTEMPATH\CodeIgniter.php(457): CodeIgniter\CodeIgniter->runController(Object(App\Controllers\Product))
 9 SYSTEMPATH\CodeIgniter.php(340): CodeIgniter\CodeIgniter->handleRequest(null, Object(Config\Cache), false)
10 FCPATH\index.php(67): CodeIgniter\CodeIgniter->run()
ERROR - 2022-09-04 22:03:34 --> Error connecting to the database: Error: Call to undefined function CodeIgniter\Database\SQLSRV\sqlsrv_configure() in C:\xampp_v8\htdocs\crud_ci4\vendor\codeigniter4\framework\system\Database\SQLSRV\Connection.php:127
Stack trace:
#0 C:\xampp_v8\htdocs\crud_ci4\vendor\codeigniter4\framework\system\Database\BaseConnection.php(382): CodeIgniter\Database\SQLSRV\Connection->connect(false)
#1 C:\xampp_v8\htdocs\crud_ci4\vendor\codeigniter4\framework\system\Database\BaseConnection.php(588): CodeIgniter\Database\BaseConnection->initialize()
#2 C:\xampp_v8\htdocs\crud_ci4\vendor\codeigniter4\framework\system\Database\SQLSRV\Builder.php(627): CodeIgniter\Database\BaseConnection->query('SELECT *\nFROM "...', Array, false)
#3 C:\xampp_v8\htdocs\crud_ci4\vendor\codeigniter4\framework\system\Model.php(223): CodeIgniter\Database\SQLSRV\Builder->get()
#4 C:\xampp_v8\htdocs\crud_ci4\vendor\codeigniter4\framework\system\BaseModel.php(584): CodeIgniter\Model->doFindAll(0, 0)
#5 C:\xampp_v8\htdocs\crud_ci4\app\Models\Product_model.php(11): CodeIgniter\BaseModel->findAll()
#6 C:\xampp_v8\htdocs\crud_ci4\app\Controllers\Product.php(15): App\Models\Product_model->getProduct()
#7 C:\xampp_v8\htdocs\crud_ci4\vendor\codeigniter4\framework\system\CodeIgniter.php(904): App\Controllers\Product->index()
#8 C:\xampp_v8\htdocs\crud_ci4\vendor\codeigniter4\framework\system\CodeIgniter.php(457): CodeIgniter\CodeIgniter->runController(Object(App\Controllers\Product))
#9 C:\xampp_v8\htdocs\crud_ci4\vendor\codeigniter4\framework\system\CodeIgniter.php(340): CodeIgniter\CodeIgniter->handleRequest(NULL, Object(Config\Cache), false)
#10 C:\xampp_v8\htdocs\crud_ci4\index.php(67): CodeIgniter\CodeIgniter->run()
#11 {main}
CRITICAL - 2022-09-04 22:03:34 --> Unable to connect to the database.
Main connection [sqlsrv]: Call to undefined function CodeIgniter\Database\SQLSRV\sqlsrv_configure()
in SYSTEMPATH\Database\BaseConnection.php on line 418.
 1 SYSTEMPATH\Database\BaseConnection.php(588): CodeIgniter\Database\BaseConnection->initialize()
 2 SYSTEMPATH\Database\SQLSRV\Builder.php(627): CodeIgniter\Database\BaseConnection->query('SELECT *
FROM "pos_db"."dbo"."product"', [], false)
 3 SYSTEMPATH\Model.php(223): CodeIgniter\Database\SQLSRV\Builder->get()
 4 SYSTEMPATH\BaseModel.php(584): CodeIgniter\Model->doFindAll(0, 0)
 5 APPPATH\Models\Product_model.php(11): CodeIgniter\BaseModel->findAll()
 6 APPPATH\Controllers\Product.php(15): App\Models\Product_model->getProduct()
 7 SYSTEMPATH\CodeIgniter.php(904): App\Controllers\Product->index()
 8 SYSTEMPATH\CodeIgniter.php(457): CodeIgniter\CodeIgniter->runController(Object(App\Controllers\Product))
 9 SYSTEMPATH\CodeIgniter.php(340): CodeIgniter\CodeIgniter->handleRequest(null, Object(Config\Cache), false)
10 FCPATH\index.php(67): CodeIgniter\CodeIgniter->run()
ERROR - 2022-09-04 22:06:31 --> Error connecting to the database: Error: Call to undefined function CodeIgniter\Database\SQLSRV\sqlsrv_configure() in C:\xampp_v8\htdocs\crud_ci4\vendor\codeigniter4\framework\system\Database\SQLSRV\Connection.php:127
Stack trace:
#0 C:\xampp_v8\htdocs\crud_ci4\vendor\codeigniter4\framework\system\Database\BaseConnection.php(382): CodeIgniter\Database\SQLSRV\Connection->connect(false)
#1 C:\xampp_v8\htdocs\crud_ci4\vendor\codeigniter4\framework\system\Database\BaseConnection.php(588): CodeIgniter\Database\BaseConnection->initialize()
#2 C:\xampp_v8\htdocs\crud_ci4\vendor\codeigniter4\framework\system\Database\SQLSRV\Builder.php(627): CodeIgniter\Database\BaseConnection->query('SELECT *\nFROM "...', Array, false)
#3 C:\xampp_v8\htdocs\crud_ci4\vendor\codeigniter4\framework\system\Model.php(223): CodeIgniter\Database\SQLSRV\Builder->get()
#4 C:\xampp_v8\htdocs\crud_ci4\vendor\codeigniter4\framework\system\BaseModel.php(584): CodeIgniter\Model->doFindAll(0, 0)
#5 C:\xampp_v8\htdocs\crud_ci4\app\Models\Product_model.php(11): CodeIgniter\BaseModel->findAll()
#6 C:\xampp_v8\htdocs\crud_ci4\app\Controllers\Product.php(15): App\Models\Product_model->getProduct()
#7 C:\xampp_v8\htdocs\crud_ci4\vendor\codeigniter4\framework\system\CodeIgniter.php(904): App\Controllers\Product->index()
#8 C:\xampp_v8\htdocs\crud_ci4\vendor\codeigniter4\framework\system\CodeIgniter.php(457): CodeIgniter\CodeIgniter->runController(Object(App\Controllers\Product))
#9 C:\xampp_v8\htdocs\crud_ci4\vendor\codeigniter4\framework\system\CodeIgniter.php(340): CodeIgniter\CodeIgniter->handleRequest(NULL, Object(Config\Cache), false)
#10 C:\xampp_v8\htdocs\crud_ci4\index.php(67): CodeIgniter\CodeIgniter->run()
#11 {main}
CRITICAL - 2022-09-04 22:06:31 --> Unable to connect to the database.
Main connection [SQLSRV]: Call to undefined function CodeIgniter\Database\SQLSRV\sqlsrv_configure()
in SYSTEMPATH\Database\BaseConnection.php on line 418.
 1 SYSTEMPATH\Database\BaseConnection.php(588): CodeIgniter\Database\BaseConnection->initialize()
 2 SYSTEMPATH\Database\SQLSRV\Builder.php(627): CodeIgniter\Database\BaseConnection->query('SELECT *
FROM "pos_db"."dbo"."product"', [], false)
 3 SYSTEMPATH\Model.php(223): CodeIgniter\Database\SQLSRV\Builder->get()
 4 SYSTEMPATH\BaseModel.php(584): CodeIgniter\Model->doFindAll(0, 0)
 5 APPPATH\Models\Product_model.php(11): CodeIgniter\BaseModel->findAll()
 6 APPPATH\Controllers\Product.php(15): App\Models\Product_model->getProduct()
 7 SYSTEMPATH\CodeIgniter.php(904): App\Controllers\Product->index()
 8 SYSTEMPATH\CodeIgniter.php(457): CodeIgniter\CodeIgniter->runController(Object(App\Controllers\Product))
 9 SYSTEMPATH\CodeIgniter.php(340): CodeIgniter\CodeIgniter->handleRequest(null, Object(Config\Cache), false)
10 FCPATH\index.php(67): CodeIgniter\CodeIgniter->run()
CRITICAL - 2022-09-04 22:12:46 --> Class "CodeIgniter\Database\mssql\Connection" not found
in SYSTEMPATH\Database\Database.php on line 136.
 1 SYSTEMPATH\Database\Database.php(56): CodeIgniter\Database\Database->initDriver('mssql', 'CodeIgniter\\Database\\mssql\\Connection', [...])
 2 SYSTEMPATH\Database\Config.php(78): CodeIgniter\Database\Database->load([...], 'sql')
 3 SYSTEMPATH\Model.php(137): CodeIgniter\Database\Config::connect('sql')
 4 SYSTEMPATH\Config\Factories.php(126): CodeIgniter\Model->__construct(null)
 5 SYSTEMPATH\Config\Factories.php(83): CodeIgniter\Config\Factories::__callStatic('models', [...])
 6 SYSTEMPATH\Common.php(817): CodeIgniter\Config\Factories::models('App\\Models\\Product_model', [...], null)
 7 SYSTEMPATH\RESTful\BaseResource.php(54): model('App\\Models\\Product_model')
 8 SYSTEMPATH\RESTful\BaseResource.php(37): CodeIgniter\RESTful\BaseResource->setModel('App\\Models\\Product_model')
 9 SYSTEMPATH\CodeIgniter.php(867): CodeIgniter\RESTful\BaseResource->initController(Object(CodeIgniter\HTTP\IncomingRequest), Object(CodeIgniter\HTTP\Response), Object(CodeIgniter\Log\Logger))
10 SYSTEMPATH\CodeIgniter.php(448): CodeIgniter\CodeIgniter->createController()
11 SYSTEMPATH\CodeIgniter.php(340): CodeIgniter\CodeIgniter->handleRequest(null, Object(Config\Cache), false)
12 FCPATH\index.php(67): CodeIgniter\CodeIgniter->run()
