CRITICAL - 2022-09-10 08:51:31 --> Class "CodeIgniter\Database\mssql\Connection" not found
in SYSTEMPATH\Database\Database.php on line 136.
 1 SYSTEMPATH\Database\Database.php(56): CodeIgniter\Database\Database->initDriver('mssql', 'CodeIgniter\\Database\\mssql\\Connection', [...])
 2 SYSTEMPATH\Database\Config.php(78): CodeIgniter\Database\Database->load([...], 'sql')
 3 SYSTEMPATH\Model.php(137): CodeIgniter\Database\Config::connect('sql')
 4 SYSTEMPATH\Config\Factories.php(126): CodeIgniter\Model->__construct(null)
 5 SYSTEMPATH\Config\Factories.php(83): CodeIgniter\Config\Factories::__callStatic('models', [...])
 6 SYSTEMPATH\Common.php(817): CodeIgniter\Config\Factories::models('App\\Models\\Product_model', [...], null)
 7 SYSTEMPATH\RESTful\BaseResource.php(54): model('App\\Models\\Product_model')
 8 SYSTEMPATH\RESTful\BaseResource.php(37): CodeIgniter\RESTful\BaseResource->setModel('App\\Models\\Product_model')
 9 SYSTEMPATH\CodeIgniter.php(867): CodeIgniter\RESTful\BaseResource->initController(Object(CodeIgniter\HTTP\IncomingRequest), Object(CodeIgniter\HTTP\Response), Object(CodeIgniter\Log\Logger))
10 SYSTEMPATH\CodeIgniter.php(448): CodeIgniter\CodeIgniter->createController()
11 SYSTEMPATH\CodeIgniter.php(340): CodeIgniter\CodeIgniter->handleRequest(null, Object(Config\Cache), false)
12 FCPATH\index.php(67): CodeIgniter\CodeIgniter->run()
CRITICAL - 2022-09-10 08:52:05 --> Class "CodeIgniter\Database\mssql\Connection" not found
in SYSTEMPATH\Database\Database.php on line 136.
 1 SYSTEMPATH\Database\Database.php(56): CodeIgniter\Database\Database->initDriver('mssql', 'CodeIgniter\\Database\\mssql\\Connection', [...])
 2 SYSTEMPATH\Database\Config.php(78): CodeIgniter\Database\Database->load([...], 'sql')
 3 SYSTEMPATH\Model.php(137): CodeIgniter\Database\Config::connect('sql')
 4 SYSTEMPATH\Config\Factories.php(126): CodeIgniter\Model->__construct(null)
 5 SYSTEMPATH\Config\Factories.php(83): CodeIgniter\Config\Factories::__callStatic('models', [...])
 6 SYSTEMPATH\Common.php(817): CodeIgniter\Config\Factories::models('App\\Models\\Product_model', [...], null)
 7 SYSTEMPATH\RESTful\BaseResource.php(54): model('App\\Models\\Product_model')
 8 SYSTEMPATH\RESTful\BaseResource.php(37): CodeIgniter\RESTful\BaseResource->setModel('App\\Models\\Product_model')
 9 SYSTEMPATH\CodeIgniter.php(867): CodeIgniter\RESTful\BaseResource->initController(Object(CodeIgniter\HTTP\IncomingRequest), Object(CodeIgniter\HTTP\Response), Object(CodeIgniter\Log\Logger))
10 SYSTEMPATH\CodeIgniter.php(448): CodeIgniter\CodeIgniter->createController()
11 SYSTEMPATH\CodeIgniter.php(340): CodeIgniter\CodeIgniter->handleRequest(null, Object(Config\Cache), false)
12 FCPATH\index.php(67): CodeIgniter\CodeIgniter->run()
CRITICAL - 2022-09-10 08:52:31 --> Class "CodeIgniter\Database\mssql\Connection" not found
in SYSTEMPATH\Database\Database.php on line 136.
 1 SYSTEMPATH\Database\Database.php(56): CodeIgniter\Database\Database->initDriver('mssql', 'CodeIgniter\\Database\\mssql\\Connection', [...])
 2 SYSTEMPATH\Database\Config.php(78): CodeIgniter\Database\Database->load([...], 'sql')
 3 SYSTEMPATH\Model.php(137): CodeIgniter\Database\Config::connect('sql')
 4 SYSTEMPATH\Config\Factories.php(126): CodeIgniter\Model->__construct(null)
 5 SYSTEMPATH\Config\Factories.php(83): CodeIgniter\Config\Factories::__callStatic('models', [...])
 6 SYSTEMPATH\Common.php(817): CodeIgniter\Config\Factories::models('App\\Models\\Product_model', [...], null)
 7 SYSTEMPATH\RESTful\BaseResource.php(54): model('App\\Models\\Product_model')
 8 SYSTEMPATH\RESTful\BaseResource.php(37): CodeIgniter\RESTful\BaseResource->setModel('App\\Models\\Product_model')
 9 SYSTEMPATH\CodeIgniter.php(867): CodeIgniter\RESTful\BaseResource->initController(Object(CodeIgniter\HTTP\IncomingRequest), Object(CodeIgniter\HTTP\Response), Object(CodeIgniter\Log\Logger))
10 SYSTEMPATH\CodeIgniter.php(448): CodeIgniter\CodeIgniter->createController()
11 SYSTEMPATH\CodeIgniter.php(340): CodeIgniter\CodeIgniter->handleRequest(null, Object(Config\Cache), false)
12 FCPATH\index.php(67): CodeIgniter\CodeIgniter->run()
CRITICAL - 2022-09-10 08:52:41 --> Class "CodeIgniter\Database\mssql\Connection" not found
in SYSTEMPATH\Database\Database.php on line 136.
 1 SYSTEMPATH\Database\Database.php(56): CodeIgniter\Database\Database->initDriver('mssql', 'CodeIgniter\\Database\\mssql\\Connection', [...])
 2 SYSTEMPATH\Database\Config.php(78): CodeIgniter\Database\Database->load([...], 'sql')
 3 SYSTEMPATH\Model.php(137): CodeIgniter\Database\Config::connect('sql')
 4 SYSTEMPATH\Config\Factories.php(126): CodeIgniter\Model->__construct(null)
 5 SYSTEMPATH\Config\Factories.php(83): CodeIgniter\Config\Factories::__callStatic('models', [...])
 6 SYSTEMPATH\Common.php(817): CodeIgniter\Config\Factories::models('App\\Models\\Product_model', [...], null)
 7 SYSTEMPATH\RESTful\BaseResource.php(54): model('App\\Models\\Product_model')
 8 SYSTEMPATH\RESTful\BaseResource.php(37): CodeIgniter\RESTful\BaseResource->setModel('App\\Models\\Product_model')
 9 SYSTEMPATH\CodeIgniter.php(867): CodeIgniter\RESTful\BaseResource->initController(Object(CodeIgniter\HTTP\IncomingRequest), Object(CodeIgniter\HTTP\Response), Object(CodeIgniter\Log\Logger))
10 SYSTEMPATH\CodeIgniter.php(448): CodeIgniter\CodeIgniter->createController()
11 SYSTEMPATH\CodeIgniter.php(340): CodeIgniter\CodeIgniter->handleRequest(null, Object(Config\Cache), false)
12 FCPATH\index.php(67): CodeIgniter\CodeIgniter->run()
CRITICAL - 2022-09-10 08:53:53 --> Class "CodeIgniter\Database\mssql\Connection" not found
in SYSTEMPATH\Database\Database.php on line 136.
 1 SYSTEMPATH\Database\Database.php(56): CodeIgniter\Database\Database->initDriver('mssql', 'CodeIgniter\\Database\\mssql\\Connection', [...])
 2 SYSTEMPATH\Database\Config.php(78): CodeIgniter\Database\Database->load([...], 'sql')
 3 SYSTEMPATH\Model.php(137): CodeIgniter\Database\Config::connect('sql')
 4 SYSTEMPATH\Config\Factories.php(126): CodeIgniter\Model->__construct(null)
 5 SYSTEMPATH\Config\Factories.php(83): CodeIgniter\Config\Factories::__callStatic('models', [...])
 6 SYSTEMPATH\Common.php(817): CodeIgniter\Config\Factories::models('App\\Models\\Product_model', [...], null)
 7 SYSTEMPATH\RESTful\BaseResource.php(54): model('App\\Models\\Product_model')
 8 SYSTEMPATH\RESTful\BaseResource.php(37): CodeIgniter\RESTful\BaseResource->setModel('App\\Models\\Product_model')
 9 SYSTEMPATH\CodeIgniter.php(867): CodeIgniter\RESTful\BaseResource->initController(Object(CodeIgniter\HTTP\IncomingRequest), Object(CodeIgniter\HTTP\Response), Object(CodeIgniter\Log\Logger))
10 SYSTEMPATH\CodeIgniter.php(448): CodeIgniter\CodeIgniter->createController()
11 SYSTEMPATH\CodeIgniter.php(340): CodeIgniter\CodeIgniter->handleRequest(null, Object(Config\Cache), false)
12 FCPATH\index.php(67): CodeIgniter\CodeIgniter->run()
CRITICAL - 2022-09-10 08:54:43 --> Class "CodeIgniter\Database\mssql\Connection" not found
in SYSTEMPATH\Database\Database.php on line 136.
 1 SYSTEMPATH\Database\Database.php(56): CodeIgniter\Database\Database->initDriver('mssql', 'CodeIgniter\\Database\\mssql\\Connection', [...])
 2 SYSTEMPATH\Database\Config.php(78): CodeIgniter\Database\Database->load([...], 'sql')
 3 SYSTEMPATH\Model.php(137): CodeIgniter\Database\Config::connect('sql')
 4 SYSTEMPATH\Config\Factories.php(126): CodeIgniter\Model->__construct(null)
 5 SYSTEMPATH\Config\Factories.php(83): CodeIgniter\Config\Factories::__callStatic('models', [...])
 6 SYSTEMPATH\Common.php(817): CodeIgniter\Config\Factories::models('App\\Models\\Product_model', [...], null)
 7 SYSTEMPATH\RESTful\BaseResource.php(54): model('App\\Models\\Product_model')
 8 SYSTEMPATH\RESTful\BaseResource.php(37): CodeIgniter\RESTful\BaseResource->setModel('App\\Models\\Product_model')
 9 SYSTEMPATH\CodeIgniter.php(867): CodeIgniter\RESTful\BaseResource->initController(Object(CodeIgniter\HTTP\IncomingRequest), Object(CodeIgniter\HTTP\Response), Object(CodeIgniter\Log\Logger))
10 SYSTEMPATH\CodeIgniter.php(448): CodeIgniter\CodeIgniter->createController()
11 SYSTEMPATH\CodeIgniter.php(340): CodeIgniter\CodeIgniter->handleRequest(null, Object(Config\Cache), false)
12 FCPATH\index.php(67): CodeIgniter\CodeIgniter->run()
CRITICAL - 2022-09-10 08:54:56 --> Class "CodeIgniter\Database\mssql\Connection" not found
in SYSTEMPATH\Database\Database.php on line 136.
 1 SYSTEMPATH\Database\Database.php(56): CodeIgniter\Database\Database->initDriver('mssql', 'CodeIgniter\\Database\\mssql\\Connection', [...])
 2 SYSTEMPATH\Database\Config.php(78): CodeIgniter\Database\Database->load([...], 'sql')
 3 SYSTEMPATH\Model.php(137): CodeIgniter\Database\Config::connect('sql')
 4 SYSTEMPATH\Config\Factories.php(126): CodeIgniter\Model->__construct(null)
 5 SYSTEMPATH\Config\Factories.php(83): CodeIgniter\Config\Factories::__callStatic('models', [...])
 6 SYSTEMPATH\Common.php(817): CodeIgniter\Config\Factories::models('App\\Models\\Product_model', [...], null)
 7 SYSTEMPATH\RESTful\BaseResource.php(54): model('App\\Models\\Product_model')
 8 SYSTEMPATH\RESTful\BaseResource.php(37): CodeIgniter\RESTful\BaseResource->setModel('App\\Models\\Product_model')
 9 SYSTEMPATH\CodeIgniter.php(867): CodeIgniter\RESTful\BaseResource->initController(Object(CodeIgniter\HTTP\IncomingRequest), Object(CodeIgniter\HTTP\Response), Object(CodeIgniter\Log\Logger))
10 SYSTEMPATH\CodeIgniter.php(448): CodeIgniter\CodeIgniter->createController()
11 SYSTEMPATH\CodeIgniter.php(340): CodeIgniter\CodeIgniter->handleRequest(null, Object(Config\Cache), false)
12 FCPATH\index.php(67): CodeIgniter\CodeIgniter->run()
CRITICAL - 2022-09-10 08:57:33 --> Class "CodeIgniter\Database\mssql\Connection" not found
in SYSTEMPATH\Database\Database.php on line 136.
 1 SYSTEMPATH\Database\Database.php(56): CodeIgniter\Database\Database->initDriver('mssql', 'CodeIgniter\\Database\\mssql\\Connection', [...])
 2 SYSTEMPATH\Database\Config.php(78): CodeIgniter\Database\Database->load([...], 'sql')
 3 SYSTEMPATH\Model.php(137): CodeIgniter\Database\Config::connect('sql')
 4 SYSTEMPATH\Config\Factories.php(126): CodeIgniter\Model->__construct(null)
 5 SYSTEMPATH\Config\Factories.php(83): CodeIgniter\Config\Factories::__callStatic('models', [...])
 6 SYSTEMPATH\Common.php(817): CodeIgniter\Config\Factories::models('App\\Models\\Product_model', [...], null)
 7 SYSTEMPATH\RESTful\BaseResource.php(54): model('App\\Models\\Product_model')
 8 SYSTEMPATH\RESTful\BaseResource.php(37): CodeIgniter\RESTful\BaseResource->setModel('App\\Models\\Product_model')
 9 SYSTEMPATH\CodeIgniter.php(867): CodeIgniter\RESTful\BaseResource->initController(Object(CodeIgniter\HTTP\IncomingRequest), Object(CodeIgniter\HTTP\Response), Object(CodeIgniter\Log\Logger))
10 SYSTEMPATH\CodeIgniter.php(448): CodeIgniter\CodeIgniter->createController()
11 SYSTEMPATH\CodeIgniter.php(340): CodeIgniter\CodeIgniter->handleRequest(null, Object(Config\Cache), false)
12 FCPATH\index.php(67): CodeIgniter\CodeIgniter->run()
CRITICAL - 2022-09-10 08:57:46 --> Class "CodeIgniter\Database\mssql\Connection" not found
in SYSTEMPATH\Database\Database.php on line 136.
 1 SYSTEMPATH\Database\Database.php(56): CodeIgniter\Database\Database->initDriver('mssql', 'CodeIgniter\\Database\\mssql\\Connection', [...])
 2 SYSTEMPATH\Database\Config.php(78): CodeIgniter\Database\Database->load([...], 'sql')
 3 SYSTEMPATH\Model.php(137): CodeIgniter\Database\Config::connect('sql')
 4 SYSTEMPATH\Config\Factories.php(126): CodeIgniter\Model->__construct(null)
 5 SYSTEMPATH\Config\Factories.php(83): CodeIgniter\Config\Factories::__callStatic('models', [...])
 6 SYSTEMPATH\Common.php(817): CodeIgniter\Config\Factories::models('App\\Models\\Product_model', [...], null)
 7 SYSTEMPATH\RESTful\BaseResource.php(54): model('App\\Models\\Product_model')
 8 SYSTEMPATH\RESTful\BaseResource.php(37): CodeIgniter\RESTful\BaseResource->setModel('App\\Models\\Product_model')
 9 SYSTEMPATH\CodeIgniter.php(867): CodeIgniter\RESTful\BaseResource->initController(Object(CodeIgniter\HTTP\IncomingRequest), Object(CodeIgniter\HTTP\Response), Object(CodeIgniter\Log\Logger))
10 SYSTEMPATH\CodeIgniter.php(448): CodeIgniter\CodeIgniter->createController()
11 SYSTEMPATH\CodeIgniter.php(340): CodeIgniter\CodeIgniter->handleRequest(null, Object(Config\Cache), false)
12 FCPATH\index.php(67): CodeIgniter\CodeIgniter->run()
CRITICAL - 2022-09-10 08:58:05 --> Class "CodeIgniter\Database\mssql\Connection" not found
in SYSTEMPATH\Database\Database.php on line 136.
 1 SYSTEMPATH\Database\Database.php(56): CodeIgniter\Database\Database->initDriver('mssql', 'CodeIgniter\\Database\\mssql\\Connection', [...])
 2 SYSTEMPATH\Database\Config.php(78): CodeIgniter\Database\Database->load([...], 'sql')
 3 SYSTEMPATH\Model.php(137): CodeIgniter\Database\Config::connect('sql')
 4 SYSTEMPATH\Config\Factories.php(126): CodeIgniter\Model->__construct(null)
 5 SYSTEMPATH\Config\Factories.php(83): CodeIgniter\Config\Factories::__callStatic('models', [...])
 6 SYSTEMPATH\Common.php(817): CodeIgniter\Config\Factories::models('App\\Models\\Product_model', [...], null)
 7 SYSTEMPATH\RESTful\BaseResource.php(54): model('App\\Models\\Product_model')
 8 SYSTEMPATH\RESTful\BaseResource.php(37): CodeIgniter\RESTful\BaseResource->setModel('App\\Models\\Product_model')
 9 SYSTEMPATH\CodeIgniter.php(867): CodeIgniter\RESTful\BaseResource->initController(Object(CodeIgniter\HTTP\IncomingRequest), Object(CodeIgniter\HTTP\Response), Object(CodeIgniter\Log\Logger))
10 SYSTEMPATH\CodeIgniter.php(448): CodeIgniter\CodeIgniter->createController()
11 SYSTEMPATH\CodeIgniter.php(340): CodeIgniter\CodeIgniter->handleRequest(null, Object(Config\Cache), false)
12 FCPATH\index.php(67): CodeIgniter\CodeIgniter->run()
CRITICAL - 2022-09-10 09:06:25 --> Invalid file: product_view.php
in SYSTEMPATH\Exceptions\FrameworkException.php on line 33.
 1 SYSTEMPATH\View\View.php(201): CodeIgniter\Exceptions\FrameworkException::forInvalidFile('product_view.php')
 2 SYSTEMPATH\Common.php(1142): CodeIgniter\View\View->render('product_view', [], true)
 3 APPPATH\Controllers\Product.php(16): view('product_view', [...])
 4 SYSTEMPATH\CodeIgniter.php(904): App\Controllers\Product->index()
 5 SYSTEMPATH\CodeIgniter.php(457): CodeIgniter\CodeIgniter->runController(Object(App\Controllers\Product))
 6 SYSTEMPATH\CodeIgniter.php(340): CodeIgniter\CodeIgniter->handleRequest(null, Object(Config\Cache), false)
 7 FCPATH\index.php(67): CodeIgniter\CodeIgniter->run()
CRITICAL - 2022-09-10 09:07:24 --> Invalid file: add_product_view.php
in SYSTEMPATH\Exceptions\FrameworkException.php on line 33.
 1 SYSTEMPATH\View\View.php(201): CodeIgniter\Exceptions\FrameworkException::forInvalidFile('add_product_view.php')
 2 SYSTEMPATH\Common.php(1142): CodeIgniter\View\View->render('add_product_view', [], true)
 3 APPPATH\Controllers\Product.php(22): view('add_product_view')
 4 SYSTEMPATH\CodeIgniter.php(904): App\Controllers\Product->add_new()
 5 SYSTEMPATH\CodeIgniter.php(457): CodeIgniter\CodeIgniter->runController(Object(App\Controllers\Product))
 6 SYSTEMPATH\CodeIgniter.php(340): CodeIgniter\CodeIgniter->handleRequest(null, Object(Config\Cache), false)
 7 FCPATH\index.php(67): CodeIgniter\CodeIgniter->run()
CRITICAL - 2022-09-10 12:28:11 --> Array to string conversion
in APPPATH\Views\productos\product_view.php on line 30.
 1 APPPATH\Views\productos\product_view.php(30): CodeIgniter\Debug\Exceptions->errorHandler(2, 'Array to string conversion', 'APPPATH\\Views\\productos\\product_view.php', 30)
 2 SYSTEMPATH\View\View.php(213): include('APPPATH\\Views\\productos\\product_view.php')
 3 SYSTEMPATH\View\View.php(216): CodeIgniter\View\View->CodeIgniter\View\{closure}()
 4 SYSTEMPATH\Common.php(1142): CodeIgniter\View\View->render('productos/product_view', [], true)
 5 APPPATH\Controllers\Product.php(16): view('productos/product_view', [...])
 6 SYSTEMPATH\CodeIgniter.php(904): App\Controllers\Product->index()
 7 SYSTEMPATH\CodeIgniter.php(457): CodeIgniter\CodeIgniter->runController(Object(App\Controllers\Product))
 8 SYSTEMPATH\CodeIgniter.php(340): CodeIgniter\CodeIgniter->handleRequest(null, Object(Config\Cache), false)
 9 FCPATH\index.php(67): CodeIgniter\CodeIgniter->run()
ERROR - 2022-09-10 18:53:09 --> Error connecting to the database: mysqli_sql_exception: Unknown database 'pos_db' in C:\xampp_v8\htdocs\crud_ci4\vendor\codeigniter4\framework\system\Database\MySQLi\Connection.php:171
Stack trace:
#0 C:\xampp_v8\htdocs\crud_ci4\vendor\codeigniter4\framework\system\Database\MySQLi\Connection.php(171): mysqli->real_connect('localhost', 'root', '', 'pos_db', 3306, '', 0)
#1 C:\xampp_v8\htdocs\crud_ci4\vendor\codeigniter4\framework\system\Database\BaseConnection.php(382): CodeIgniter\Database\MySQLi\Connection->connect(false)
#2 C:\xampp_v8\htdocs\crud_ci4\vendor\codeigniter4\framework\system\Database\BaseConnection.php(588): CodeIgniter\Database\BaseConnection->initialize()
#3 C:\xampp_v8\htdocs\crud_ci4\vendor\codeigniter4\framework\system\Database\BaseBuilder.php(1585): CodeIgniter\Database\BaseConnection->query('SELECT *\nFROM `...', Array, false)
#4 C:\xampp_v8\htdocs\crud_ci4\vendor\codeigniter4\framework\system\Model.php(223): CodeIgniter\Database\BaseBuilder->get()
#5 C:\xampp_v8\htdocs\crud_ci4\vendor\codeigniter4\framework\system\BaseModel.php(584): CodeIgniter\Model->doFindAll(0, 0)
#6 C:\xampp_v8\htdocs\crud_ci4\app\Models\Product_model.php(11): CodeIgniter\BaseModel->findAll()
#7 C:\xampp_v8\htdocs\crud_ci4\app\Controllers\Product.php(15): App\Models\Product_model->getProduct()
#8 C:\xampp_v8\htdocs\crud_ci4\vendor\codeigniter4\framework\system\CodeIgniter.php(907): App\Controllers\Product->index()
#9 C:\xampp_v8\htdocs\crud_ci4\vendor\codeigniter4\framework\system\CodeIgniter.php(457): CodeIgniter\CodeIgniter->runController(Object(App\Controllers\Product))
#10 C:\xampp_v8\htdocs\crud_ci4\vendor\codeigniter4\framework\system\CodeIgniter.php(340): CodeIgniter\CodeIgniter->handleRequest(NULL, Object(Config\Cache), false)
#11 C:\xampp_v8\htdocs\crud_ci4\index.php(67): CodeIgniter\CodeIgniter->run()
#12 {main}

Next CodeIgniter\Database\Exceptions\DatabaseException: Unknown database 'pos_db' in C:\xampp_v8\htdocs\crud_ci4\vendor\codeigniter4\framework\system\Database\MySQLi\Connection.php:215
Stack trace:
#0 C:\xampp_v8\htdocs\crud_ci4\vendor\codeigniter4\framework\system\Database\BaseConnection.php(382): CodeIgniter\Database\MySQLi\Connection->connect(false)
#1 C:\xampp_v8\htdocs\crud_ci4\vendor\codeigniter4\framework\system\Database\BaseConnection.php(588): CodeIgniter\Database\BaseConnection->initialize()
#2 C:\xampp_v8\htdocs\crud_ci4\vendor\codeigniter4\framework\system\Database\BaseBuilder.php(1585): CodeIgniter\Database\BaseConnection->query('SELECT *\nFROM `...', Array, false)
#3 C:\xampp_v8\htdocs\crud_ci4\vendor\codeigniter4\framework\system\Model.php(223): CodeIgniter\Database\BaseBuilder->get()
#4 C:\xampp_v8\htdocs\crud_ci4\vendor\codeigniter4\framework\system\BaseModel.php(584): CodeIgniter\Model->doFindAll(0, 0)
#5 C:\xampp_v8\htdocs\crud_ci4\app\Models\Product_model.php(11): CodeIgniter\BaseModel->findAll()
#6 C:\xampp_v8\htdocs\crud_ci4\app\Controllers\Product.php(15): App\Models\Product_model->getProduct()
#7 C:\xampp_v8\htdocs\crud_ci4\vendor\codeigniter4\framework\system\CodeIgniter.php(907): App\Controllers\Product->index()
#8 C:\xampp_v8\htdocs\crud_ci4\vendor\codeigniter4\framework\system\CodeIgniter.php(457): CodeIgniter\CodeIgniter->runController(Object(App\Controllers\Product))
#9 C:\xampp_v8\htdocs\crud_ci4\vendor\codeigniter4\framework\system\CodeIgniter.php(340): CodeIgniter\CodeIgniter->handleRequest(NULL, Object(Config\Cache), false)
#10 C:\xampp_v8\htdocs\crud_ci4\index.php(67): CodeIgniter\CodeIgniter->run()
#11 {main}
CRITICAL - 2022-09-10 18:53:09 --> Unable to connect to the database.
Main connection [MySQLi]: Unknown database 'pos_db'
in SYSTEMPATH\Database\BaseConnection.php on line 418.
 1 SYSTEMPATH\Database\BaseConnection.php(588): CodeIgniter\Database\BaseConnection->initialize()
 2 SYSTEMPATH\Database\BaseBuilder.php(1585): CodeIgniter\Database\BaseConnection->query('SELECT *
FROM `product`', [], false)
 3 SYSTEMPATH\Model.php(223): CodeIgniter\Database\BaseBuilder->get()
 4 SYSTEMPATH\BaseModel.php(584): CodeIgniter\Model->doFindAll(0, 0)
 5 APPPATH\Models\Product_model.php(11): CodeIgniter\BaseModel->findAll()
 6 APPPATH\Controllers\Product.php(15): App\Models\Product_model->getProduct()
 7 SYSTEMPATH\CodeIgniter.php(907): App\Controllers\Product->index()
 8 SYSTEMPATH\CodeIgniter.php(457): CodeIgniter\CodeIgniter->runController(Object(App\Controllers\Product))
 9 SYSTEMPATH\CodeIgniter.php(340): CodeIgniter\CodeIgniter->handleRequest(null, Object(Config\Cache), false)
10 FCPATH\index.php(67): CodeIgniter\CodeIgniter->run()
ERROR - 2022-09-10 18:53:44 --> Error connecting to the database: mysqli_sql_exception: Unknown database 'pos_db' in C:\xampp_v8\htdocs\crud_ci4\vendor\codeigniter4\framework\system\Database\MySQLi\Connection.php:171
Stack trace:
#0 C:\xampp_v8\htdocs\crud_ci4\vendor\codeigniter4\framework\system\Database\MySQLi\Connection.php(171): mysqli->real_connect('localhost', 'root', '', 'pos_db', 3306, '', 0)
#1 C:\xampp_v8\htdocs\crud_ci4\vendor\codeigniter4\framework\system\Database\BaseConnection.php(382): CodeIgniter\Database\MySQLi\Connection->connect(false)
#2 C:\xampp_v8\htdocs\crud_ci4\vendor\codeigniter4\framework\system\Database\BaseConnection.php(588): CodeIgniter\Database\BaseConnection->initialize()
#3 C:\xampp_v8\htdocs\crud_ci4\vendor\codeigniter4\framework\system\Database\BaseBuilder.php(1585): CodeIgniter\Database\BaseConnection->query('SELECT *\nFROM `...', Array, false)
#4 C:\xampp_v8\htdocs\crud_ci4\vendor\codeigniter4\framework\system\Model.php(223): CodeIgniter\Database\BaseBuilder->get()
#5 C:\xampp_v8\htdocs\crud_ci4\vendor\codeigniter4\framework\system\BaseModel.php(584): CodeIgniter\Model->doFindAll(0, 0)
#6 C:\xampp_v8\htdocs\crud_ci4\app\Models\Product_model.php(11): CodeIgniter\BaseModel->findAll()
#7 C:\xampp_v8\htdocs\crud_ci4\app\Controllers\Product.php(15): App\Models\Product_model->getProduct()
#8 C:\xampp_v8\htdocs\crud_ci4\vendor\codeigniter4\framework\system\CodeIgniter.php(907): App\Controllers\Product->index()
#9 C:\xampp_v8\htdocs\crud_ci4\vendor\codeigniter4\framework\system\CodeIgniter.php(457): CodeIgniter\CodeIgniter->runController(Object(App\Controllers\Product))
#10 C:\xampp_v8\htdocs\crud_ci4\vendor\codeigniter4\framework\system\CodeIgniter.php(340): CodeIgniter\CodeIgniter->handleRequest(NULL, Object(Config\Cache), false)
#11 C:\xampp_v8\htdocs\crud_ci4\index.php(67): CodeIgniter\CodeIgniter->run()
#12 {main}

Next CodeIgniter\Database\Exceptions\DatabaseException: Unknown database 'pos_db' in C:\xampp_v8\htdocs\crud_ci4\vendor\codeigniter4\framework\system\Database\MySQLi\Connection.php:215
Stack trace:
#0 C:\xampp_v8\htdocs\crud_ci4\vendor\codeigniter4\framework\system\Database\BaseConnection.php(382): CodeIgniter\Database\MySQLi\Connection->connect(false)
#1 C:\xampp_v8\htdocs\crud_ci4\vendor\codeigniter4\framework\system\Database\BaseConnection.php(588): CodeIgniter\Database\BaseConnection->initialize()
#2 C:\xampp_v8\htdocs\crud_ci4\vendor\codeigniter4\framework\system\Database\BaseBuilder.php(1585): CodeIgniter\Database\BaseConnection->query('SELECT *\nFROM `...', Array, false)
#3 C:\xampp_v8\htdocs\crud_ci4\vendor\codeigniter4\framework\system\Model.php(223): CodeIgniter\Database\BaseBuilder->get()
#4 C:\xampp_v8\htdocs\crud_ci4\vendor\codeigniter4\framework\system\BaseModel.php(584): CodeIgniter\Model->doFindAll(0, 0)
#5 C:\xampp_v8\htdocs\crud_ci4\app\Models\Product_model.php(11): CodeIgniter\BaseModel->findAll()
#6 C:\xampp_v8\htdocs\crud_ci4\app\Controllers\Product.php(15): App\Models\Product_model->getProduct()
#7 C:\xampp_v8\htdocs\crud_ci4\vendor\codeigniter4\framework\system\CodeIgniter.php(907): App\Controllers\Product->index()
#8 C:\xampp_v8\htdocs\crud_ci4\vendor\codeigniter4\framework\system\CodeIgniter.php(457): CodeIgniter\CodeIgniter->runController(Object(App\Controllers\Product))
#9 C:\xampp_v8\htdocs\crud_ci4\vendor\codeigniter4\framework\system\CodeIgniter.php(340): CodeIgniter\CodeIgniter->handleRequest(NULL, Object(Config\Cache), false)
#10 C:\xampp_v8\htdocs\crud_ci4\index.php(67): CodeIgniter\CodeIgniter->run()
#11 {main}
CRITICAL - 2022-09-10 18:53:44 --> Unable to connect to the database.
Main connection [MySQLi]: Unknown database 'pos_db'
in SYSTEMPATH\Database\BaseConnection.php on line 418.
 1 SYSTEMPATH\Database\BaseConnection.php(588): CodeIgniter\Database\BaseConnection->initialize()
 2 SYSTEMPATH\Database\BaseBuilder.php(1585): CodeIgniter\Database\BaseConnection->query('SELECT *
FROM `product`', [], false)
 3 SYSTEMPATH\Model.php(223): CodeIgniter\Database\BaseBuilder->get()
 4 SYSTEMPATH\BaseModel.php(584): CodeIgniter\Model->doFindAll(0, 0)
 5 APPPATH\Models\Product_model.php(11): CodeIgniter\BaseModel->findAll()
 6 APPPATH\Controllers\Product.php(15): App\Models\Product_model->getProduct()
 7 SYSTEMPATH\CodeIgniter.php(907): App\Controllers\Product->index()
 8 SYSTEMPATH\CodeIgniter.php(457): CodeIgniter\CodeIgniter->runController(Object(App\Controllers\Product))
 9 SYSTEMPATH\CodeIgniter.php(340): CodeIgniter\CodeIgniter->handleRequest(null, Object(Config\Cache), false)
10 FCPATH\index.php(67): CodeIgniter\CodeIgniter->run()
